# JRE version: OpenJDK Runtime Environment (8.0_242-b01) (build 1.8.0_242-release-1644-b01)
# Java VM: OpenJDK 64-Bit Server VM (25.242-b01 mixed mode windows-amd64 compressed oops)
Heap:
 PSYoungGen      total 171520K, used 150311K [0x00000000d5580000, 0x00000000e4080000, 0x0000000100000000)
  eden space 143360K, 85% used [0x00000000d5580000,0x00000000dccf8360,0x00000000de180000)
  from space 28160K, 99% used [0x00000000de580000,0x00000000e00d18f8,0x00000000e0100000)
  to   space 48640K, 0% used [0x00000000e1100000,0x00000000e1100000,0x00000000e4080000)
 ParOldGen       total 137728K, used 45555K [0x0000000080000000, 0x0000000088680000, 0x00000000d5580000)
  object space 137728K, 33% used [0x0000000080000000,0x0000000082c7cf98,0x0000000088680000)
 Metaspace       used 92396K, capacity 97789K, committed 97944K, reserved 1134592K
  class space    used 12255K, capacity 13189K, committed 13232K, reserved 1048576K
GC Heap History (10 events):
Event: 96.689 GC heap before
{Heap before GC invocations=24 (full 3):
 PSYoungGen      total 153600K, used 153598K [0x00000000d5580000, 0x00000000e0f00000, 0x0000000100000000)
  eden space 128512K, 100% used [0x00000000d5580000,0x00000000dd300000,0x00000000dd300000)
  from space 25088K, 99% used [0x00000000df000000,0x00000000e087f950,0x00000000e0880000)
  to   space 29696K, 0% used [0x00000000dd300000,0x00000000dd300000,0x00000000df000000)
 ParOldGen       total 137728K, used 34898K [0x0000000080000000, 0x0000000088680000, 0x00000000d5580000)
  object space 137728K, 25% used [0x0000000080000000,0x00000000822149c0,0x0000000088680000)
 Metaspace       used 83260K, capacity 87509K, committed 87832K, reserved 1124352K
  class space    used 11449K, capacity 12253K, committed 12336K, reserved 1048576K
Event: 96.723 GC heap after
Heap after GC invocations=24 (full 3):
 PSYoungGen      total 158208K, used 29669K [0x00000000d5580000, 0x00000000e2b80000, 0x0000000100000000)
  eden space 128512K, 0% used [0x00000000d5580000,0x00000000d5580000,0x00000000dd300000)
  from space 29696K, 99% used [0x00000000dd300000,0x00000000deff96f0,0x00000000df000000)
  to   space 36352K, 0% used [0x00000000e0800000,0x00000000e0800000,0x00000000e2b80000)
 ParOldGen       total 137728K, used 40129K [0x0000000080000000, 0x0000000088680000, 0x00000000d5580000)
  object space 137728K, 29% used [0x0000000080000000,0x00000000827306d8,0x0000000088680000)
 Metaspace       used 83260K, capacity 87509K, committed 87832K, reserved 1124352K
  class space    used 11449K, capacity 12253K, committed 12336K, reserved 1048576K
}
Event: 505.865 GC heap before
{Heap before GC invocations=25 (full 3):
 PSYoungGen      total 158208K, used 158181K [0x00000000d5580000, 0x00000000e2b80000, 0x0000000100000000)
  eden space 128512K, 100% used [0x00000000d5580000,0x00000000dd300000,0x00000000dd300000)
  from space 29696K, 99% used [0x00000000dd300000,0x00000000deff96f0,0x00000000df000000)
  to   space 36352K, 0% used [0x00000000e0800000,0x00000000e0800000,0x00000000e2b80000)
 ParOldGen       total 137728K, used 40129K [0x0000000080000000, 0x0000000088680000, 0x00000000d5580000)
  object space 137728K, 29% used [0x0000000080000000,0x00000000827306d8,0x0000000088680000)
 Metaspace       used 90072K, capacity 95065K, committed 95256K, reserved 1132544K
  class space    used 12187K, capacity 13083K, committed 13104K, reserved 1048576K
Event: 505.905 GC heap after
Heap after GC invocations=25 (full 3):
 PSYoungGen      total 158720K, used 33336K [0x00000000d5580000, 0x00000000e2900000, 0x0000000100000000)
  eden space 124928K, 0% used [0x00000000d5580000,0x00000000d5580000,0x00000000dcf80000)
  from space 33792K, 98% used [0x00000000e0800000,0x00000000e288e168,0x00000000e2900000)
  to   space 40960K, 0% used [0x00000000dd900000,0x00000000dd900000,0x00000000e0100000)
 ParOldGen       total 137728K, used 40137K [0x0000000080000000, 0x0000000088680000, 0x00000000d5580000)
  object space 137728K, 29% used [0x0000000080000000,0x00000000827326d8,0x0000000088680000)
 Metaspace       used 90072K, capacity 95065K, committed 95256K, reserved 1132544K
  class space    used 12187K, capacity 13083K, committed 13104K, reserved 1048576K
}
Event: 507.227 GC heap before
{Heap before GC invocations=26 (full 3):
 PSYoungGen      total 158720K, used 158264K [0x00000000d5580000, 0x00000000e2900000, 0x0000000100000000)
  eden space 124928K, 100% used [0x00000000d5580000,0x00000000dcf80000,0x00000000dcf80000)
  from space 33792K, 98% used [0x00000000e0800000,0x00000000e288e168,0x00000000e2900000)
  to   space 40960K, 0% used [0x00000000dd900000,0x00000000dd900000,0x00000000e0100000)
 ParOldGen       total 137728K, used 40137K [0x0000000080000000, 0x0000000088680000, 0x00000000d5580000)
  object space 137728K, 29% used [0x0000000080000000,0x00000000827326d8,0x0000000088680000)
 Metaspace       used 90692K, capacity 95721K, committed 95768K, reserved 1132544K
  class space    used 12198K, capacity 13093K, committed 13104K, reserved 1048576K
Event: 507.267 GC heap after
Heap after GC invocations=26 (full 3):
 PSYoungGen      total 175616K, used 38923K [0x00000000d5580000, 0x00000000e4280000, 0x0000000100000000)
  eden space 134656K, 0% used [0x00000000d5580000,0x00000000d5580000,0x00000000dd900000)
  from space 40960K, 95% used [0x00000000dd900000,0x00000000dff02cb8,0x00000000e0100000)
  to   space 46592K, 0% used [0x00000000e1500000,0x00000000e1500000,0x00000000e4280000)
 ParOldGen       total 137728K, used 40145K [0x0000000080000000, 0x0000000088680000, 0x00000000d5580000)
  object space 137728K, 29% used [0x0000000080000000,0x00000000827346d8,0x0000000088680000)
 Metaspace       used 90692K, capacity 95721K, committed 95768K, reserved 1132544K
  class space    used 12198K, capacity 13093K, committed 13104K, reserved 1048576K
}
Event: 704.190 GC heap before
{Heap before GC invocations=27 (full 3):
 PSYoungGen      total 175616K, used 173579K [0x00000000d5580000, 0x00000000e4280000, 0x0000000100000000)
  eden space 134656K, 100% used [0x00000000d5580000,0x00000000dd900000,0x00000000dd900000)
  from space 40960K, 95% used [0x00000000dd900000,0x00000000dff02cb8,0x00000000e0100000)
  to   space 46592K, 0% used [0x00000000e1500000,0x00000000e1500000,0x00000000e4280000)
 ParOldGen       total 137728K, used 40145K [0x0000000080000000, 0x0000000088680000, 0x00000000d5580000)
  object space 137728K, 29% used [0x0000000080000000,0x00000000827346d8,0x0000000088680000)
 Metaspace       used 91389K, capacity 96477K, committed 96664K, reserved 1132544K
  class space    used 12216K, capacity 13117K, committed 13232K, reserved 1048576K
Event: 704.234 GC heap after
Heap after GC invocations=27 (full 3):
 PSYoungGen      total 194048K, used 32336K [0x00000000d5580000, 0x00000000e4e80000, 0x0000000100000000)
  eden space 147456K, 0% used [0x00000000d5580000,0x00000000d5580000,0x00000000de580000)
  from space 46592K, 69% used [0x00000000e1500000,0x00000000e34942d8,0x00000000e4280000)
  to   space 48640K, 0% used [0x00000000de580000,0x00000000de580000,0x00000000e1500000)
 ParOldGen       total 137728K, used 45547K [0x0000000080000000, 0x0000000088680000, 0x00000000d5580000)
  object space 137728K, 33% used [0x0000000080000000,0x0000000082c7af98,0x0000000088680000)
 Metaspace       used 91389K, capacity 96477K, committed 96664K, reserved 1132544K
  class space    used 12216K, capacity 13117K, committed 13232K, reserved 1048576K
}
Event: 947.985 GC heap before
{Heap before GC invocations=28 (full 3):
 PSYoungGen      total 194048K, used 179778K [0x00000000d5580000, 0x00000000e4e80000, 0x0000000100000000)
  eden space 147456K, 99% used [0x00000000d5580000,0x00000000de57c5d8,0x00000000de580000)
  from space 46592K, 69% used [0x00000000e1500000,0x00000000e34942d8,0x00000000e4280000)
  to   space 48640K, 0% used [0x00000000de580000,0x00000000de580000,0x00000000e1500000)
 ParOldGen       total 137728K, used 45547K [0x0000000080000000, 0x0000000088680000, 0x00000000d5580000)
  object space 137728K, 33% used [0x0000000080000000,0x0000000082c7af98,0x0000000088680000)
 Metaspace       used 92039K, capacity 97261K, committed 97432K, reserved 1134592K
  class space    used 12243K, capacity 13167K, committed 13232K, reserved 1048576K
Event: 948.025 GC heap after
Heap after GC invocations=28 (full 3):
 PSYoungGen      total 171520K, used 27974K [0x00000000d5580000, 0x00000000e4080000, 0x0000000100000000)
  eden space 143360K, 0% used [0x00000000d5580000,0x00000000d5580000,0x00000000de180000)
  from space 28160K, 99% used [0x00000000de580000,0x00000000e00d18f8,0x00000000e0100000)
  to   space 48640K, 0% used [0x00000000e1100000,0x00000000e1100000,0x00000000e4080000)
 ParOldGen       total 137728K, used 45555K [0x0000000080000000, 0x0000000088680000, 0x00000000d5580000)
  object space 137728K, 33% used [0x0000000080000000,0x0000000082c7cf98,0x0000000088680000)
 Metaspace       used 92039K, capacity 97261K, committed 97432K, reserved 1134592K
  class space    used 12243K, capacity 13167K, committed 13232K, reserved 1048576K
}

