# JRE version: OpenJDK Runtime Environment (8.0_242-b01) (build 1.8.0_242-release-1644-b01)
# Java VM: OpenJDK 64-Bit Server VM (25.242-b01 mixed mode windows-amd64 compressed oops)
Heap:
 PSYoungGen      total 538112K, used 177434K [0x00000000d5580000, 0x00000000fb800000, 0x0000000100000000)
  eden space 458240K, 36% used [0x00000000d5580000,0x00000000dfa3a688,0x00000000f1500000)
  from space 79872K, 10% used [0x00000000f6a00000,0x00000000f728c300,0x00000000fb800000)
  to   space 83456K, 0% used [0x00000000f1500000,0x00000000f1500000,0x00000000f6680000)
 ParOldGen       total 233984K, used 140453K [0x0000000080000000, 0x000000008e480000, 0x00000000d5580000)
  object space 233984K, 60% used [0x0000000080000000,0x0000000088929450,0x000000008e480000)
 Metaspace       used 136808K, capacity 145286K, committed 145428K, reserved 1175552K
  class space    used 17851K, capacity 19469K, committed 19516K, reserved 1048576K
GC Heap History (10 events):
Event: 3210.551 GC heap before
{Heap before GC invocations=62 (full 4):
 PSYoungGen      total 371200K, used 300803K [0x00000000d5580000, 0x00000000f4800000, 0x0000000100000000)
  eden space 285696K, 100% used [0x00000000d5580000,0x00000000e6c80000,0x00000000e6c80000)
  from space 85504K, 17% used [0x00000000e6c80000,0x00000000e7b40e60,0x00000000ec000000)
  to   space 86528K, 0% used [0x00000000ef380000,0x00000000ef380000,0x00000000f4800000)
 ParOldGen       total 233984K, used 127079K [0x0000000080000000, 0x000000008e480000, 0x00000000d5580000)
  object space 233984K, 54% used [0x0000000080000000,0x0000000087c19d88,0x000000008e480000)
 Metaspace       used 136538K, capacity 144988K, committed 145172K, reserved 1175552K
  class space    used 17848K, capacity 19466K, committed 19516K, reserved 1048576K
Event: 3210.567 GC heap after
Heap after GC invocations=62 (full 4):
 PSYoungGen      total 422912K, used 13309K [0x00000000d5580000, 0x00000000f4800000, 0x0000000100000000)
  eden space 336384K, 0% used [0x00000000d5580000,0x00000000d5580000,0x00000000e9e00000)
  from space 86528K, 15% used [0x00000000ef380000,0x00000000f007f468,0x00000000f4800000)
  to   space 87040K, 0% used [0x00000000e9e00000,0x00000000e9e00000,0x00000000ef300000)
 ParOldGen       total 233984K, used 131430K [0x0000000080000000, 0x000000008e480000, 0x00000000d5580000)
  object space 233984K, 56% used [0x0000000080000000,0x0000000088059bf8,0x000000008e480000)
 Metaspace       used 136538K, capacity 144988K, committed 145172K, reserved 1175552K
  class space    used 17848K, capacity 19466K, committed 19516K, reserved 1048576K
}
Event: 3210.992 GC heap before
{Heap before GC invocations=63 (full 4):
 PSYoungGen      total 422912K, used 349693K [0x00000000d5580000, 0x00000000f4800000, 0x0000000100000000)
  eden space 336384K, 100% used [0x00000000d5580000,0x00000000e9e00000,0x00000000e9e00000)
  from space 86528K, 15% used [0x00000000ef380000,0x00000000f007f468,0x00000000f4800000)
  to   space 87040K, 0% used [0x00000000e9e00000,0x00000000e9e00000,0x00000000ef300000)
 ParOldGen       total 233984K, used 131430K [0x0000000080000000, 0x000000008e480000, 0x00000000d5580000)
  object space 233984K, 56% used [0x0000000080000000,0x0000000088059bf8,0x000000008e480000)
 Metaspace       used 136672K, capacity 145128K, committed 145428K, reserved 1175552K
  class space    used 17848K, capacity 19466K, committed 19516K, reserved 1048576K
Event: 3211.010 GC heap after
Heap after GC invocations=63 (full 4):
 PSYoungGen      total 423424K, used 11655K [0x00000000d5580000, 0x00000000f8180000, 0x0000000100000000)
  eden space 336384K, 0% used [0x00000000d5580000,0x00000000d5580000,0x00000000e9e00000)
  from space 87040K, 13% used [0x00000000e9e00000,0x00000000ea961ea8,0x00000000ef300000)
  to   space 87040K, 0% used [0x00000000f2c80000,0x00000000f2c80000,0x00000000f8180000)
 ParOldGen       total 233984K, used 133251K [0x0000000080000000, 0x000000008e480000, 0x00000000d5580000)
  object space 233984K, 56% used [0x0000000080000000,0x0000000088220f00,0x000000008e480000)
 Metaspace       used 136672K, capacity 145128K, committed 145428K, reserved 1175552K
  class space    used 17848K, capacity 19466K, committed 19516K, reserved 1048576K
}
Event: 3211.424 GC heap before
{Heap before GC invocations=64 (full 4):
 PSYoungGen      total 423424K, used 348039K [0x00000000d5580000, 0x00000000f8180000, 0x0000000100000000)
  eden space 336384K, 100% used [0x00000000d5580000,0x00000000e9e00000,0x00000000e9e00000)
  from space 87040K, 13% used [0x00000000e9e00000,0x00000000ea961ea8,0x00000000ef300000)
  to   space 87040K, 0% used [0x00000000f2c80000,0x00000000f2c80000,0x00000000f8180000)
 ParOldGen       total 233984K, used 133251K [0x0000000080000000, 0x000000008e480000, 0x00000000d5580000)
  object space 233984K, 56% used [0x0000000080000000,0x0000000088220f00,0x000000008e480000)
 Metaspace       used 136718K, capacity 145140K, committed 145428K, reserved 1175552K
  class space    used 17849K, capacity 19468K, committed 19516K, reserved 1048576K
Event: 3211.441 GC heap after
Heap after GC invocations=64 (full 4):
 PSYoungGen      total 478208K, used 12036K [0x00000000d5580000, 0x00000000f7e80000, 0x0000000100000000)
  eden space 394240K, 0% used [0x00000000d5580000,0x00000000d5580000,0x00000000ed680000)
  from space 83968K, 14% used [0x00000000f2c80000,0x00000000f3841178,0x00000000f7e80000)
  to   space 86016K, 0% used [0x00000000ed680000,0x00000000ed680000,0x00000000f2a80000)
 ParOldGen       total 233984K, used 134491K [0x0000000080000000, 0x000000008e480000, 0x00000000d5580000)
  object space 233984K, 57% used [0x0000000080000000,0x0000000088356f40,0x000000008e480000)
 Metaspace       used 136718K, capacity 145140K, committed 145428K, reserved 1175552K
  class space    used 17849K, capacity 19468K, committed 19516K, reserved 1048576K
}
Event: 3211.888 GC heap before
{Heap before GC invocations=65 (full 4):
 PSYoungGen      total 478208K, used 406276K [0x00000000d5580000, 0x00000000f7e80000, 0x0000000100000000)
  eden space 394240K, 100% used [0x00000000d5580000,0x00000000ed680000,0x00000000ed680000)
  from space 83968K, 14% used [0x00000000f2c80000,0x00000000f3841178,0x00000000f7e80000)
  to   space 86016K, 0% used [0x00000000ed680000,0x00000000ed680000,0x00000000f2a80000)
 ParOldGen       total 233984K, used 134491K [0x0000000080000000, 0x000000008e480000, 0x00000000d5580000)
  object space 233984K, 57% used [0x0000000080000000,0x0000000088356f40,0x000000008e480000)
 Metaspace       used 136759K, capacity 145218K, committed 145428K, reserved 1175552K
  class space    used 17851K, capacity 19469K, committed 19516K, reserved 1048576K
Event: 3211.912 GC heap after
Heap after GC invocations=65 (full 4):
 PSYoungGen      total 480256K, used 12050K [0x00000000d5580000, 0x00000000fbc80000, 0x0000000100000000)
  eden space 394240K, 0% used [0x00000000d5580000,0x00000000d5580000,0x00000000ed680000)
  from space 86016K, 14% used [0x00000000ed680000,0x00000000ee244b00,0x00000000f2a80000)
  to   space 84480K, 0% used [0x00000000f6a00000,0x00000000f6a00000,0x00000000fbc80000)
 ParOldGen       total 233984K, used 137858K [0x0000000080000000, 0x000000008e480000, 0x00000000d5580000)
  object space 233984K, 58% used [0x0000000080000000,0x00000000886a0b10,0x000000008e480000)
 Metaspace       used 136759K, capacity 145218K, committed 145428K, reserved 1175552K
  class space    used 17851K, capacity 19469K, committed 19516K, reserved 1048576K
}
Event: 3213.861 GC heap before
{Heap before GC invocations=66 (full 4):
 PSYoungGen      total 480256K, used 406290K [0x00000000d5580000, 0x00000000fbc80000, 0x0000000100000000)
  eden space 394240K, 100% used [0x00000000d5580000,0x00000000ed680000,0x00000000ed680000)
  from space 86016K, 14% used [0x00000000ed680000,0x00000000ee244b00,0x00000000f2a80000)
  to   space 84480K, 0% used [0x00000000f6a00000,0x00000000f6a00000,0x00000000fbc80000)
 ParOldGen       total 233984K, used 137858K [0x0000000080000000, 0x000000008e480000, 0x00000000d5580000)
  object space 233984K, 58% used [0x0000000080000000,0x00000000886a0b10,0x000000008e480000)
 Metaspace       used 136800K, capacity 145286K, committed 145428K, reserved 1175552K
  class space    used 17851K, capacity 19469K, committed 19516K, reserved 1048576K
Event: 3213.879 GC heap after
Heap after GC invocations=66 (full 4):
 PSYoungGen      total 538112K, used 8752K [0x00000000d5580000, 0x00000000fb800000, 0x0000000100000000)
  eden space 458240K, 0% used [0x00000000d5580000,0x00000000d5580000,0x00000000f1500000)
  from space 79872K, 10% used [0x00000000f6a00000,0x00000000f728c300,0x00000000fb800000)
  to   space 83456K, 0% used [0x00000000f1500000,0x00000000f1500000,0x00000000f6680000)
 ParOldGen       total 233984K, used 140453K [0x0000000080000000, 0x000000008e480000, 0x00000000d5580000)
  object space 233984K, 60% used [0x0000000080000000,0x0000000088929450,0x000000008e480000)
 Metaspace       used 136800K, capacity 145286K, committed 145428K, reserved 1175552K
  class space    used 17851K, capacity 19469K, committed 19516K, reserved 1048576K
}

